<?xml version="1.0" encoding="UTF-8"?>
<!-- Generated by org.testng.reporters.JUnitReportReporter -->
<testsuite hostname="EC2AMAZ-S11DBRH" failures="0" tests="4" name="projScripts.DemoBlazeTest" time="19.598" errors="0" timestamp="2024-04-30T08:21:36 GMT" skipped="0">
  <testcase classname="projScripts.DemoBlazeTest" name="validLogin" time="6.192"/>
  <system-out/>
  <testcase classname="projScripts.DemoBlazeTest" name="validLogin" time="6.168"/>
  <system-out/>
  <testcase classname="projScripts.DemoBlazeTest" name="validLogin" time="6.336"/>
  <system-out/>
  <testcase classname="projScripts.DemoBlazeTest" name="validateCart" time="0.902"/>
  <system-out/>
</testsuite> <!-- projScripts.DemoBlazeTest -->
